<?xml version="1.0" encoding="UTF-8"?>
<testsuite name="Test" tests="1" skipped="0" failures="0" errors="0" timestamp="2020-09-08T11:00:03" hostname="DESKTOP-A82CK7U" time="0.235">
  <properties/>
  <testcase name="start" classname="Test" time="0.235"/>
  <system-out><![CDATA[?[1;31m
Start test 1?[0m
> /help
The program calculates addition and subtraction. Use + and - signs between digits
> 
> /exit
Bye!
?[1;31m
Start test 2?[0m
> 7 + 1 + 4
12
> 23 - 17 - 13
-7
> 33 + 21 + 11 + 49 - 32 - 9 + 1 - 80 + 4
-2
> 101
101
> -302
-302
> 
> 10 - 7 - 3
0
> 5 --- 2 ++++++ 4 -- 2 ---- 1
10
> /exit
Bye!
?[1;31m
Start test 3?[0m
> 123+
Invalid expresion
> 321-
Invalid expresion
> +7
7
> /exit
Bye!
?[1;31m
Start test 4?[0m
> abc
Invalid expresion
> one + two + three
Invalid expresion
> /go
Unknown command
> /exit
Bye!
]]></system-out>
  <system-err><![CDATA[]]></system-err>
</testsuite>
